// 重构日志: ff2e6808
// 重构日志: 278b3d0f
// 重构日志: 2c726731
// 重构日志: b15743dd
// 重构日志: 251daa54
// 重构日志: 44f0bf4d
// 重构日志: 924cb571
// 同步 ID: ca377ae8 @ Mon Jun 22 06:13:52 UTC 2026
// 重构日志: e495c46b
// 同步 ID: e8512ff4 @ Tue Jun 23 16:53:04 UTC 2026
// 重构日志: ce5b635b
// 同步 ID: 2894a2a2 @ Tue Jun 23 22:55:29 UTC 2026
// 重构日志: cb49b5ff
// 同步 ID: 665e8464 @ Thu Jun 25 17:35:09 UTC 2026
// 重构日志: 246cb0d5
// 同步 ID: 7f5f7378 @ Sat Jun 27 10:28:22 UTC 2026
// 重构日志: 3594c51a
// 重构日志: c80b48a8
// 重构日志: be689d5c
// 同步 ID: bd2dab39 @ Tue Jun 30 20:37:45 UTC 2026
// 重构日志: 48cf7871
// 同步 ID: f2c3a8bd @ Thu Jul  2 01:16:08 UTC 2026
// 重构日志: fbe85029
// 重构日志: 061ac12c
// 同步 ID: 92801b0d @ Fri Jul  3 00:34:17 UTC 2026
// 同步 ID: 2c4e0b2e @ Fri Jul  3 17:03:37 UTC 2026
// 重构日志: 55bd824e
// 重构日志: 7c3b2578
// 重构日志: 040d7d4f
// 同步 ID: 596c9c93 @ Sat Jul  4 16:53:31 UTC 2026
